<?xml version="1.0" encoding="UTF-8"?>
<testng-results skipped="0" failed="0" ignored="0" total="1" passed="1">
  <reporter-output>
  </reporter-output>
  <suite name="Default suite" duration-ms="378" started-at="2022-09-19T09:39:51Z" finished-at="2022-09-19T09:39:51Z">
    <groups>
    </groups>
    <test name="Default test" duration-ms="378" started-at="2022-09-19T09:39:51Z" finished-at="2022-09-19T09:39:51Z">
      <class name="org.test.Facebook">
        <test-method status="PASS" signature="s1()[pri:0, instance:org.test.Facebook@26f67b76]" name="s1" duration-ms="87" started-at="2022-09-19T15:09:51Z" finished-at="2022-09-19T15:09:51Z">
          <reporter-output>
          </reporter-output>
        </test-method> <!-- s1 -->
      </class> <!-- org.test.Facebook -->
    </test> <!-- Default test -->
  </suite> <!-- Default suite -->
</testng-results>
